f:\dac_hmm\dac_hmm1\dac_hmm\debug\vc142.pdb
f:\dac_hmm\dac_hmm1\dac_hmm\debug\vc142.idb
f:\dac_hmm\dac_hmm1\dac_hmm\debug\coder.obj
f:\dac_hmm\dac_hmm1\dac_hmm\debug\bill.obj
f:\dac_hmm\dac_hmm1\dac_hmm\debug\bitio.obj
f:\dac_hmm\dac_hmm1\dac_hmm\debug\forward.obj
f:\dac_hmm\dac_hmm1\dac_hmm\debug\hmmrand.obj
f:\dac_hmm\dac_hmm1\dac_hmm\debug\hmmutils.obj
f:\dac_hmm\dac_hmm1\dac_hmm\debug\nrutil.obj
f:\dac_hmm\dac_hmm1\dac_hmm\debug\sequence.obj
f:\dac_hmm\dac_hmm1zy\dac_hmm\debug\vc142.pdb
f:\dac_hmm\dac_hmm1zy\dac_hmm\debug\vc142.idb
f:\dac_hmm\dac_hmm1zy\dac_hmm\debug\bitio.obj
f:\dac_hmm\dac_hmm1zy\dac_hmm\debug\bill.obj
f:\dac_hmm\dac_hmm1zy\dac_hmm\debug\coder.obj
f:\dac_hmm\dac_hmm1zy\dac_hmm\debug\forward.obj
f:\dac_hmm\dac_hmm1zy\dac_hmm\debug\hmmrand.obj
f:\dac_hmm\dac_hmm1zy\dac_hmm\debug\hmmutils.obj
f:\dac_hmm\dac_hmm1zy\dac_hmm\debug\nrutil.obj
f:\dac_hmm\dac_hmm1zy\dac_hmm\debug\sequence.obj
f:\dac_hmm\dac_hmm1\dac_hmm\debug\dac.exe
f:\dac_hmm\dac_hmm1\dac_hmm\debug\dac.ilk
f:\dac_hmm\dac_hmm1\dac_hmm\debug\dac.pdb
f:\dac_hmm\dac_hmm1zy\dac_hmm\debug\dac.exe
f:\dac_hmm\dac_hmm1zy\dac_hmm\debug\dac.ilk
f:\dac_hmm\dac_hmm1zy\dac_hmm\debug\dac.pdb
f:\dac_hmm\dac_hmm1zy\dac_hmm\debug\dac.tlog\cl.command.1.tlog
f:\dac_hmm\dac_hmm1zy\dac_hmm\debug\dac.tlog\cl.read.1.tlog
f:\dac_hmm\dac_hmm1zy\dac_hmm\debug\dac.tlog\cl.write.1.tlog
f:\dac_hmm\dac_hmm1zy\dac_hmm\debug\dac.tlog\link.command.1.tlog
f:\dac_hmm\dac_hmm1zy\dac_hmm\debug\dac.tlog\link.read.1.tlog
f:\dac_hmm\dac_hmm1zy\dac_hmm\debug\dac.tlog\link.write.1.tlog
